<?xml version="1.0" encoding="UTF-8"?>
<testsuite xmlns:xsi="http://www.w3.org/2001/XMLSchema-instance" xsi:noNamespaceSchemaLocation="https://maven.apache.org/surefire/maven-surefire-plugin/xsd/surefire-test-report-3.0.xsd" version="3.0" name="FilterTest" time="0.061" tests="13" errors="0" skipped="0" failures="0">
  <properties>
[...]
</properties>
  <testcase name="testOriginalExample" classname="FilterTest" time="0.022"/>
  <testcase name="testEntireTreeRemoval" classname="FilterTest" time="0.002"/>
  <testcase name="testEmptyHierarchy" classname="FilterTest" time="0.002"/>
  <testcase name="testSingleRootNode" classname="FilterTest" time="0.001"/>
  <testcase name="testDeepHierarchyWithFailure" classname="FilterTest" time="0.001"/>
  <testcase name="testMultipleChildrenPartialRemoval" classname="FilterTest" time="0.001"/>
  <testcase name="testParentRejectionRemovesChild" classname="FilterTest" time="0.002"/>
  <testcase name="testComplexForest" classname="FilterTest" time="0.002"/>
  <testcase name="testEmptyResult" classname="FilterTest" time="0.001"/>
  <testcase name="testGrandchildSurvivesWhenParentPasses" classname="FilterTest" time="0.001"/>
  <testcase name="testDeepHierarchy" classname="FilterTest" time="0.001"/>
  <testcase name="testMultipleRoots" classname="FilterTest" time="0.001"/>
  <testcase name="testFullPass" classname="FilterTest" time="0.0"/>
</testsuite>